[0.014s] Invoking command in '/home/sunildj/agv_ws/build/agv_bot': CMAKE_PREFIX_PATH=${CMAKE_PREFIX_PATH}:/opt/ros/humble /usr/bin/cmake --build /home/sunildj/agv_ws/build/agv_bot -- -j6 -l6
[0.030s] -- Found ament_cmake: 1.3.5 (/opt/ros/humble/share/ament_cmake/cmake)
[0.141s] -- Found ament_lint_auto: 0.12.7 (/opt/ros/humble/share/ament_lint_auto/cmake)
[0.198s] -- Added test 'flake8' to check Python code syntax and style conventions
[0.199s] -- Added test 'lint_cmake' to check CMake code style
[0.199s] -- Added test 'pep257' to check Python code against some of the docstring style conventions in PEP 257
[0.202s] -- Added test 'xmllint' to check XML markup files
[0.203s] -- Configuring done
[0.207s] -- Generating done
[0.209s] -- Build files have been written to: /home/sunildj/agv_ws/build/agv_bot
[0.226s] Invoked command in '/home/sunildj/agv_ws/build/agv_bot' returned '0': CMAKE_PREFIX_PATH=${CMAKE_PREFIX_PATH}:/opt/ros/humble /usr/bin/cmake --build /home/sunildj/agv_ws/build/agv_bot -- -j6 -l6
[0.250s] Invoking command in '/home/sunildj/agv_ws/build/agv_bot': CMAKE_PREFIX_PATH=${CMAKE_PREFIX_PATH}:/opt/ros/humble /usr/bin/cmake --install /home/sunildj/agv_ws/build/agv_bot
[0.255s] -- Install configuration: ""
[0.255s] -- Installing: /home/sunildj/agv_ws/install/agv_bot/share/ament_index/resource_index/package_run_dependencies/agv_bot
[0.255s] -- Installing: /home/sunildj/agv_ws/install/agv_bot/share/ament_index/resource_index/parent_prefix_path/agv_bot
[0.256s] -- Up-to-date: /home/sunildj/agv_ws/install/agv_bot/share/agv_bot/environment/ament_prefix_path.sh
[0.256s] -- Installing: /home/sunildj/agv_ws/install/agv_bot/share/agv_bot/environment/ament_prefix_path.dsv
[0.256s] -- Up-to-date: /home/sunildj/agv_ws/install/agv_bot/share/agv_bot/environment/path.sh
[0.256s] -- Installing: /home/sunildj/agv_ws/install/agv_bot/share/agv_bot/environment/path.dsv
[0.256s] -- Up-to-date: /home/sunildj/agv_ws/install/agv_bot/share/agv_bot/local_setup.bash
[0.256s] -- Up-to-date: /home/sunildj/agv_ws/install/agv_bot/share/agv_bot/local_setup.sh
[0.256s] -- Up-to-date: /home/sunildj/agv_ws/install/agv_bot/share/agv_bot/local_setup.zsh
[0.256s] -- Installing: /home/sunildj/agv_ws/install/agv_bot/share/agv_bot/local_setup.dsv
[0.256s] -- Installing: /home/sunildj/agv_ws/install/agv_bot/share/agv_bot/package.dsv
[0.256s] -- Up-to-date: /home/sunildj/agv_ws/install/agv_bot/share/ament_index/resource_index/packages/agv_bot
[0.256s] -- Up-to-date: /home/sunildj/agv_ws/install/agv_bot/share/agv_bot/cmake/agv_botConfig.cmake
[0.256s] -- Up-to-date: /home/sunildj/agv_ws/install/agv_bot/share/agv_bot/cmake/agv_botConfig-version.cmake
[0.256s] -- Installing: /home/sunildj/agv_ws/install/agv_bot/share/agv_bot/package.xml
[0.258s] Invoked command in '/home/sunildj/agv_ws/build/agv_bot' returned '0': CMAKE_PREFIX_PATH=${CMAKE_PREFIX_PATH}:/opt/ros/humble /usr/bin/cmake --install /home/sunildj/agv_ws/build/agv_bot
