-- Install configuration: ""
-- Up-to-date: /home/sunildj/agv_ws/install/agv_bot/share/agv_bot/config
-- Up-to-date: /home/sunildj/agv_ws/install/agv_bot/share/agv_bot/config/ekf.yaml
-- Up-to-date: /home/sunildj/agv_ws/install/agv_bot/share/agv_bot/launch
-- Up-to-date: /home/sunildj/agv_ws/install/agv_bot/share/agv_bot/launch/agv_bot_v1.launch.py
-- Up-to-date: /home/sunildj/agv_ws/install/agv_bot/share/agv_bot/launch/agv_bot_v1.launch.py
-- Up-to-date: /home/sunildj/agv_ws/install/agv_bot/share/agv_bot/launch/agv_bot_sim.launch.py
-- Up-to-date: /home/sunildj/agv_ws/install/agv_bot/share/agv_bot/launch/agv_bot_v3.launch.py
-- Up-to-date: /home/sunildj/agv_ws/install/agv_bot/share/agv_bot/launch/agv_bot_nav.launch.py
-- Up-to-date: /home/sunildj/agv_ws/install/agv_bot/share/agv_bot/maps
-- Up-to-date: /home/sunildj/agv_ws/install/agv_bot/share/agv_bot/maps/agv_town_world.pgm
-- Installing: /home/sunildj/agv_ws/install/agv_bot/share/agv_bot/maps/agv_town_world.yaml
-- Up-to-date: /home/sunildj/agv_ws/install/agv_bot/share/agv_bot/meshes
-- Up-to-date: /home/sunildj/agv_ws/install/agv_bot/share/agv_bot/meshes/wheel.stl
-- Up-to-date: /home/sunildj/agv_ws/install/agv_bot/share/agv_bot/meshes/elbow.stl
-- Up-to-date: /home/sunildj/agv_ws/install/agv_bot/share/agv_bot/meshes/wrist.stl
-- Up-to-date: /home/sunildj/agv_ws/install/agv_bot/share/agv_bot/meshes/arm_base.stl
-- Up-to-date: /home/sunildj/agv_ws/install/agv_bot/share/agv_bot/meshes/bicep.stl
-- Up-to-date: /home/sunildj/agv_ws/install/agv_bot/share/agv_bot/meshes/robot_base.stl
-- Up-to-date: /home/sunildj/agv_ws/install/agv_bot/share/agv_bot/models
-- Up-to-date: /home/sunildj/agv_ws/install/agv_bot/share/agv_bot/models/agv_bot_v1.urdf
-- Up-to-date: /home/sunildj/agv_ws/install/agv_bot/share/agv_bot/models/agv_bot_description
-- Up-to-date: /home/sunildj/agv_ws/install/agv_bot/share/agv_bot/models/agv_bot_description/meshes
-- Up-to-date: /home/sunildj/agv_ws/install/agv_bot/share/agv_bot/models/agv_bot_description/meshes/wheel.stl
-- Up-to-date: /home/sunildj/agv_ws/install/agv_bot/share/agv_bot/models/agv_bot_description/meshes/elbow.stl
-- Up-to-date: /home/sunildj/agv_ws/install/agv_bot/share/agv_bot/models/agv_bot_description/meshes/wrist.stl
-- Up-to-date: /home/sunildj/agv_ws/install/agv_bot/share/agv_bot/models/agv_bot_description/meshes/arm_base.stl
-- Up-to-date: /home/sunildj/agv_ws/install/agv_bot/share/agv_bot/models/agv_bot_description/meshes/bicep.stl
-- Up-to-date: /home/sunildj/agv_ws/install/agv_bot/share/agv_bot/models/agv_bot_description/meshes/robot_base.stl
-- Up-to-date: /home/sunildj/agv_ws/install/agv_bot/share/agv_bot/models/agv_bot_description/model.sdf
-- Up-to-date: /home/sunildj/agv_ws/install/agv_bot/share/agv_bot/models/agv_bot_description/model.config
-- Up-to-date: /home/sunildj/agv_ws/install/agv_bot/share/agv_bot/params
-- Up-to-date: /home/sunildj/agv_ws/install/agv_bot/share/agv_bot/params/nav2_params.yaml
-- Up-to-date: /home/sunildj/agv_ws/install/agv_bot/share/agv_bot/rviz
-- Installing: /home/sunildj/agv_ws/install/agv_bot/share/agv_bot/rviz/nav2_config.rviz
-- Up-to-date: /home/sunildj/agv_ws/install/agv_bot/share/agv_bot/rviz/urdf_config.rviz
-- Up-to-date: /home/sunildj/agv_ws/install/agv_bot/share/agv_bot/src
-- Up-to-date: /home/sunildj/agv_ws/install/agv_bot/share/agv_bot/worlds
-- Up-to-date: /home/sunildj/agv_ws/install/agv_bot/share/agv_bot/worlds/agv_bot_world
-- Up-to-date: /home/sunildj/agv_ws/install/agv_bot/share/agv_bot/worlds/agv_bot_world/agv_town.world
-- Up-to-date: /home/sunildj/agv_ws/install/agv_bot/share/ament_index/resource_index/package_run_dependencies/agv_bot
-- Up-to-date: /home/sunildj/agv_ws/install/agv_bot/share/ament_index/resource_index/parent_prefix_path/agv_bot
-- Up-to-date: /home/sunildj/agv_ws/install/agv_bot/share/agv_bot/environment/ament_prefix_path.sh
-- Up-to-date: /home/sunildj/agv_ws/install/agv_bot/share/agv_bot/environment/ament_prefix_path.dsv
-- Up-to-date: /home/sunildj/agv_ws/install/agv_bot/share/agv_bot/environment/path.sh
-- Up-to-date: /home/sunildj/agv_ws/install/agv_bot/share/agv_bot/environment/path.dsv
-- Up-to-date: /home/sunildj/agv_ws/install/agv_bot/share/agv_bot/local_setup.bash
-- Up-to-date: /home/sunildj/agv_ws/install/agv_bot/share/agv_bot/local_setup.sh
-- Up-to-date: /home/sunildj/agv_ws/install/agv_bot/share/agv_bot/local_setup.zsh
-- Up-to-date: /home/sunildj/agv_ws/install/agv_bot/share/agv_bot/local_setup.dsv
-- Installing: /home/sunildj/agv_ws/install/agv_bot/share/agv_bot/package.dsv
-- Up-to-date: /home/sunildj/agv_ws/install/agv_bot/share/ament_index/resource_index/packages/agv_bot
-- Up-to-date: /home/sunildj/agv_ws/install/agv_bot/share/agv_bot/cmake/agv_botConfig.cmake
-- Up-to-date: /home/sunildj/agv_ws/install/agv_bot/share/agv_bot/cmake/agv_botConfig-version.cmake
-- Up-to-date: /home/sunildj/agv_ws/install/agv_bot/share/agv_bot/package.xml
