[0.254s] DEBUG:colcon:Command line arguments: ['/usr/bin/colcon', 'build']
[0.254s] DEBUG:colcon:Parsed command line arguments: Namespace(log_base=None, log_level=None, verb_name='build', build_base='build', install_base='install', merge_install=False, symlink_install=False, test_result_base=None, continue_on_error=False, executor='parallel', parallel_workers=6, event_handlers=None, ignore_user_meta=False, metas=['./colcon.meta'], base_paths=['.'], packages_ignore=None, packages_ignore_regex=None, paths=None, packages_up_to=None, packages_up_to_regex=None, packages_above=None, packages_above_and_dependencies=None, packages_above_depth=None, packages_select_by_dep=None, packages_skip_by_dep=None, packages_skip_up_to=None, packages_select_build_failed=False, packages_skip_build_finished=False, packages_select_test_failures=False, packages_skip_test_passed=False, packages_select=None, packages_skip=None, packages_select_regex=None, packages_skip_regex=None, packages_start=None, packages_end=None, allow_overriding=[], cmake_args=None, cmake_target=None, cmake_target_skip_unavailable=False, cmake_clean_cache=False, cmake_clean_first=False, cmake_force_configure=False, ament_cmake_args=None, catkin_cmake_args=None, catkin_skip_building_tests=False, verb_parser=<colcon_defaults.argument_parser.defaults.DefaultArgumentsDecorator object at 0x7f2405e01360>, verb_extension=<colcon_core.verb.build.BuildVerb object at 0x7f240652da20>, main=<bound method BuildVerb.main of <colcon_core.verb.build.BuildVerb object at 0x7f240652da20>>)
[0.279s] Level 1:colcon.colcon_core.package_discovery:discover_packages(colcon_meta) check parameters
[0.279s] Level 1:colcon.colcon_core.package_discovery:discover_packages(recursive) check parameters
[0.279s] Level 1:colcon.colcon_core.package_discovery:discover_packages(ignore) check parameters
[0.279s] Level 1:colcon.colcon_core.package_discovery:discover_packages(path) check parameters
[0.279s] Level 1:colcon.colcon_core.package_discovery:discover_packages(colcon_meta) discover
[0.280s] Level 1:colcon.colcon_core.package_discovery:discover_packages(recursive) discover
[0.280s] INFO:colcon.colcon_core.package_discovery:Crawling recursively for packages in '/home/sunildj/agv_ws'
[0.280s] Level 1:colcon.colcon_core.package_identification:_identify(.) by extensions ['ignore', 'ignore_ament_install']
[0.280s] Level 1:colcon.colcon_core.package_identification:_identify(.) by extension 'ignore'
[0.280s] Level 1:colcon.colcon_core.package_identification:_identify(.) by extension 'ignore_ament_install'
[0.280s] Level 1:colcon.colcon_core.package_identification:_identify(.) by extensions ['colcon_pkg']
[0.280s] Level 1:colcon.colcon_core.package_identification:_identify(.) by extension 'colcon_pkg'
[0.280s] Level 1:colcon.colcon_core.package_identification:_identify(.) by extensions ['colcon_meta']
[0.280s] Level 1:colcon.colcon_core.package_identification:_identify(.) by extension 'colcon_meta'
[0.280s] Level 1:colcon.colcon_core.package_identification:_identify(.) by extensions ['ros']
[0.280s] Level 1:colcon.colcon_core.package_identification:_identify(.) by extension 'ros'
[0.288s] Level 1:colcon.colcon_core.package_identification:_identify(.) by extensions ['cmake', 'python']
[0.288s] Level 1:colcon.colcon_core.package_identification:_identify(.) by extension 'cmake'
[0.288s] Level 1:colcon.colcon_core.package_identification:_identify(.) by extension 'python'
[0.288s] Level 1:colcon.colcon_core.package_identification:_identify(.) by extensions ['python_setup_py']
[0.288s] Level 1:colcon.colcon_core.package_identification:_identify(.) by extension 'python_setup_py'
[0.288s] Level 1:colcon.colcon_core.package_identification:_identify(build) by extensions ['ignore', 'ignore_ament_install']
[0.288s] Level 1:colcon.colcon_core.package_identification:_identify(build) by extension 'ignore'
[0.288s] Level 1:colcon.colcon_core.package_identification:_identify(build) ignored
[0.289s] Level 1:colcon.colcon_core.package_identification:_identify(install) by extensions ['ignore', 'ignore_ament_install']
[0.289s] Level 1:colcon.colcon_core.package_identification:_identify(install) by extension 'ignore'
[0.289s] Level 1:colcon.colcon_core.package_identification:_identify(install) ignored
[0.289s] Level 1:colcon.colcon_core.package_identification:_identify(log) by extensions ['ignore', 'ignore_ament_install']
[0.289s] Level 1:colcon.colcon_core.package_identification:_identify(log) by extension 'ignore'
[0.289s] Level 1:colcon.colcon_core.package_identification:_identify(log) ignored
[0.289s] Level 1:colcon.colcon_core.package_identification:_identify(src) by extensions ['ignore', 'ignore_ament_install']
[0.289s] Level 1:colcon.colcon_core.package_identification:_identify(src) by extension 'ignore'
[0.289s] Level 1:colcon.colcon_core.package_identification:_identify(src) by extension 'ignore_ament_install'
[0.289s] Level 1:colcon.colcon_core.package_identification:_identify(src) by extensions ['colcon_pkg']
[0.289s] Level 1:colcon.colcon_core.package_identification:_identify(src) by extension 'colcon_pkg'
[0.289s] Level 1:colcon.colcon_core.package_identification:_identify(src) by extensions ['colcon_meta']
[0.289s] Level 1:colcon.colcon_core.package_identification:_identify(src) by extension 'colcon_meta'
[0.289s] Level 1:colcon.colcon_core.package_identification:_identify(src) by extensions ['ros']
[0.289s] Level 1:colcon.colcon_core.package_identification:_identify(src) by extension 'ros'
[0.289s] Level 1:colcon.colcon_core.package_identification:_identify(src) by extensions ['cmake', 'python']
[0.289s] Level 1:colcon.colcon_core.package_identification:_identify(src) by extension 'cmake'
[0.289s] Level 1:colcon.colcon_core.package_identification:_identify(src) by extension 'python'
[0.289s] Level 1:colcon.colcon_core.package_identification:_identify(src) by extensions ['python_setup_py']
[0.289s] Level 1:colcon.colcon_core.package_identification:_identify(src) by extension 'python_setup_py'
[0.289s] Level 1:colcon.colcon_core.package_identification:_identify(src/agv_bot) by extensions ['ignore', 'ignore_ament_install']
[0.290s] Level 1:colcon.colcon_core.package_identification:_identify(src/agv_bot) by extension 'ignore'
[0.290s] Level 1:colcon.colcon_core.package_identification:_identify(src/agv_bot) by extension 'ignore_ament_install'
[0.290s] Level 1:colcon.colcon_core.package_identification:_identify(src/agv_bot) by extensions ['colcon_pkg']
[0.290s] Level 1:colcon.colcon_core.package_identification:_identify(src/agv_bot) by extension 'colcon_pkg'
[0.290s] Level 1:colcon.colcon_core.package_identification:_identify(src/agv_bot) by extensions ['colcon_meta']
[0.290s] Level 1:colcon.colcon_core.package_identification:_identify(src/agv_bot) by extension 'colcon_meta'
[0.290s] Level 1:colcon.colcon_core.package_identification:_identify(src/agv_bot) by extensions ['ros']
[0.290s] Level 1:colcon.colcon_core.package_identification:_identify(src/agv_bot) by extension 'ros'
[0.291s] DEBUG:colcon.colcon_core.package_identification:Package 'src/agv_bot' with type 'ros.ament_cmake' and name 'agv_bot'
[0.292s] Level 1:colcon.colcon_core.package_discovery:discover_packages(recursive) using defaults
[0.292s] Level 1:colcon.colcon_core.package_discovery:discover_packages(ignore) discover
[0.292s] Level 1:colcon.colcon_core.package_discovery:discover_packages(ignore) using defaults
[0.292s] Level 1:colcon.colcon_core.package_discovery:discover_packages(path) discover
[0.292s] Level 1:colcon.colcon_core.package_discovery:discover_packages(path) using defaults
[0.310s] Level 1:colcon.colcon_core.package_discovery:discover_packages(prefix_path) check parameters
[0.310s] Level 1:colcon.colcon_core.package_discovery:discover_packages(prefix_path) discover
[0.311s] DEBUG:colcon.colcon_installed_package_information.package_discovery:Found 1 installed packages in /home/sunildj/agv_ws/install
[0.312s] DEBUG:colcon.colcon_installed_package_information.package_discovery:Found 3 installed packages in /home/sunildj/turtlebot3_ws/install
[0.314s] DEBUG:colcon.colcon_installed_package_information.package_discovery:Found 408 installed packages in /opt/ros/humble
[0.315s] Level 1:colcon.colcon_core.package_discovery:discover_packages(prefix_path) using defaults
[0.373s] Level 5:colcon.colcon_core.verb:set package 'agv_bot' build argument 'cmake_args' from command line to 'None'
[0.373s] Level 5:colcon.colcon_core.verb:set package 'agv_bot' build argument 'cmake_target' from command line to 'None'
[0.373s] Level 5:colcon.colcon_core.verb:set package 'agv_bot' build argument 'cmake_target_skip_unavailable' from command line to 'False'
[0.373s] Level 5:colcon.colcon_core.verb:set package 'agv_bot' build argument 'cmake_clean_cache' from command line to 'False'
[0.373s] Level 5:colcon.colcon_core.verb:set package 'agv_bot' build argument 'cmake_clean_first' from command line to 'False'
[0.373s] Level 5:colcon.colcon_core.verb:set package 'agv_bot' build argument 'cmake_force_configure' from command line to 'False'
[0.373s] Level 5:colcon.colcon_core.verb:set package 'agv_bot' build argument 'ament_cmake_args' from command line to 'None'
[0.373s] Level 5:colcon.colcon_core.verb:set package 'agv_bot' build argument 'catkin_cmake_args' from command line to 'None'
[0.373s] Level 5:colcon.colcon_core.verb:set package 'agv_bot' build argument 'catkin_skip_building_tests' from command line to 'False'
[0.373s] DEBUG:colcon.colcon_core.verb:Building package 'agv_bot' with the following arguments: {'ament_cmake_args': None, 'build_base': '/home/sunildj/agv_ws/build/agv_bot', 'catkin_cmake_args': None, 'catkin_skip_building_tests': False, 'cmake_args': None, 'cmake_clean_cache': False, 'cmake_clean_first': False, 'cmake_force_configure': False, 'cmake_target': None, 'cmake_target_skip_unavailable': False, 'install_base': '/home/sunildj/agv_ws/install/agv_bot', 'merge_install': False, 'path': '/home/sunildj/agv_ws/src/agv_bot', 'symlink_install': False, 'test_result_base': None}
[0.373s] INFO:colcon.colcon_core.executor:Executing jobs using 'parallel' executor
[0.376s] DEBUG:colcon.colcon_parallel_executor.executor.parallel:run_until_complete
[0.376s] INFO:colcon.colcon_ros.task.ament_cmake.build:Building ROS package in '/home/sunildj/agv_ws/src/agv_bot' with build type 'ament_cmake'
[0.376s] INFO:colcon.colcon_cmake.task.cmake.build:Building CMake package in '/home/sunildj/agv_ws/src/agv_bot'
[0.379s] INFO:colcon.colcon_core.plugin_system:Skipping extension 'colcon_core.shell.bat': Not used on non-Windows systems
[0.379s] INFO:colcon.colcon_core.shell:Skip shell extension 'powershell' for command environment: Not usable outside of PowerShell
[0.379s] DEBUG:colcon.colcon_core.shell:Skip shell extension 'dsv' for command environment
[0.391s] DEBUG:colcon.colcon_core.event_handler.log_command:Invoking command in '/home/sunildj/agv_ws/build/agv_bot': CMAKE_PREFIX_PATH=${CMAKE_PREFIX_PATH}:/opt/ros/humble /usr/bin/cmake --build /home/sunildj/agv_ws/build/agv_bot -- -j6 -l6
[0.422s] DEBUG:colcon.colcon_core.event_handler.log_command:Invoked command in '/home/sunildj/agv_ws/build/agv_bot' returned '0': CMAKE_PREFIX_PATH=${CMAKE_PREFIX_PATH}:/opt/ros/humble /usr/bin/cmake --build /home/sunildj/agv_ws/build/agv_bot -- -j6 -l6
[0.447s] DEBUG:colcon.colcon_core.event_handler.log_command:Invoking command in '/home/sunildj/agv_ws/build/agv_bot': CMAKE_PREFIX_PATH=${CMAKE_PREFIX_PATH}:/opt/ros/humble /usr/bin/cmake --install /home/sunildj/agv_ws/build/agv_bot
[0.456s] Level 1:colcon.colcon_core.environment:create_environment_scripts_only(agv_bot)
[0.461s] Level 1:colcon.colcon_core.environment:checking '/home/sunildj/agv_ws/install/agv_bot' for CMake module files
[0.461s] DEBUG:colcon.colcon_core.event_handler.log_command:Invoked command in '/home/sunildj/agv_ws/build/agv_bot' returned '0': CMAKE_PREFIX_PATH=${CMAKE_PREFIX_PATH}:/opt/ros/humble /usr/bin/cmake --install /home/sunildj/agv_ws/build/agv_bot
[0.462s] Level 1:colcon.colcon_core.environment:checking '/home/sunildj/agv_ws/install/agv_bot' for CMake config files
[0.462s] Level 1:colcon.colcon_core.shell:create_environment_hook('agv_bot', 'cmake_prefix_path')
[0.463s] INFO:colcon.colcon_core.shell:Creating environment hook '/home/sunildj/agv_ws/install/agv_bot/share/agv_bot/hook/cmake_prefix_path.ps1'
[0.464s] INFO:colcon.colcon_core.shell:Creating environment descriptor '/home/sunildj/agv_ws/install/agv_bot/share/agv_bot/hook/cmake_prefix_path.dsv'
[0.464s] INFO:colcon.colcon_core.shell:Creating environment hook '/home/sunildj/agv_ws/install/agv_bot/share/agv_bot/hook/cmake_prefix_path.sh'
[0.465s] Level 1:colcon.colcon_core.environment:checking '/home/sunildj/agv_ws/install/agv_bot/bin'
[0.465s] Level 1:colcon.colcon_core.environment:checking '/home/sunildj/agv_ws/install/agv_bot/lib/pkgconfig/agv_bot.pc'
[0.465s] Level 1:colcon.colcon_core.environment:checking '/home/sunildj/agv_ws/install/agv_bot/lib/python3.10/site-packages'
[0.465s] Level 1:colcon.colcon_core.environment:checking '/home/sunildj/agv_ws/install/agv_bot/bin'
[0.466s] INFO:colcon.colcon_core.shell:Creating package script '/home/sunildj/agv_ws/install/agv_bot/share/agv_bot/package.ps1'
[0.466s] INFO:colcon.colcon_core.shell:Creating package descriptor '/home/sunildj/agv_ws/install/agv_bot/share/agv_bot/package.dsv'
[0.467s] INFO:colcon.colcon_core.shell:Creating package script '/home/sunildj/agv_ws/install/agv_bot/share/agv_bot/package.sh'
[0.467s] INFO:colcon.colcon_core.shell:Creating package script '/home/sunildj/agv_ws/install/agv_bot/share/agv_bot/package.bash'
[0.468s] INFO:colcon.colcon_core.shell:Creating package script '/home/sunildj/agv_ws/install/agv_bot/share/agv_bot/package.zsh'
[0.468s] Level 1:colcon.colcon_core.environment:create_file_with_runtime_dependencies(/home/sunildj/agv_ws/install/agv_bot/share/colcon-core/packages/agv_bot)
[0.485s] Level 1:colcon.colcon_core.environment:create_environment_scripts_only(agv_bot)
[0.486s] Level 1:colcon.colcon_core.environment:checking '/home/sunildj/agv_ws/install/agv_bot' for CMake module files
[0.487s] Level 1:colcon.colcon_core.environment:checking '/home/sunildj/agv_ws/install/agv_bot' for CMake config files
[0.487s] Level 1:colcon.colcon_core.shell:create_environment_hook('agv_bot', 'cmake_prefix_path')
[0.488s] INFO:colcon.colcon_core.shell:Creating environment hook '/home/sunildj/agv_ws/install/agv_bot/share/agv_bot/hook/cmake_prefix_path.ps1'
[0.489s] INFO:colcon.colcon_core.shell:Creating environment descriptor '/home/sunildj/agv_ws/install/agv_bot/share/agv_bot/hook/cmake_prefix_path.dsv'
[0.489s] INFO:colcon.colcon_core.shell:Creating environment hook '/home/sunildj/agv_ws/install/agv_bot/share/agv_bot/hook/cmake_prefix_path.sh'
[0.489s] Level 1:colcon.colcon_core.environment:checking '/home/sunildj/agv_ws/install/agv_bot/bin'
[0.489s] Level 1:colcon.colcon_core.environment:checking '/home/sunildj/agv_ws/install/agv_bot/lib/pkgconfig/agv_bot.pc'
[0.490s] Level 1:colcon.colcon_core.environment:checking '/home/sunildj/agv_ws/install/agv_bot/lib/python3.10/site-packages'
[0.490s] Level 1:colcon.colcon_core.environment:checking '/home/sunildj/agv_ws/install/agv_bot/bin'
[0.491s] INFO:colcon.colcon_core.shell:Creating package script '/home/sunildj/agv_ws/install/agv_bot/share/agv_bot/package.ps1'
[0.491s] INFO:colcon.colcon_core.shell:Creating package descriptor '/home/sunildj/agv_ws/install/agv_bot/share/agv_bot/package.dsv'
[0.491s] INFO:colcon.colcon_core.shell:Creating package script '/home/sunildj/agv_ws/install/agv_bot/share/agv_bot/package.sh'
[0.492s] INFO:colcon.colcon_core.shell:Creating package script '/home/sunildj/agv_ws/install/agv_bot/share/agv_bot/package.bash'
[0.492s] INFO:colcon.colcon_core.shell:Creating package script '/home/sunildj/agv_ws/install/agv_bot/share/agv_bot/package.zsh'
[0.492s] Level 1:colcon.colcon_core.environment:create_file_with_runtime_dependencies(/home/sunildj/agv_ws/install/agv_bot/share/colcon-core/packages/agv_bot)
[0.492s] DEBUG:colcon.colcon_parallel_executor.executor.parallel:closing loop
[0.493s] DEBUG:colcon.colcon_parallel_executor.executor.parallel:loop closed
[0.493s] DEBUG:colcon.colcon_parallel_executor.executor.parallel:run_until_complete finished with '0'
[0.493s] DEBUG:colcon.colcon_core.event_reactor:joining thread
[0.497s] INFO:colcon.colcon_core.plugin_system:Skipping extension 'colcon_notification.desktop_notification.terminal_notifier': Not used on non-Darwin systems
[0.497s] INFO:colcon.colcon_core.plugin_system:Skipping extension 'colcon_notification.desktop_notification.win32': Not used on non-Windows systems
[0.497s] INFO:colcon.colcon_notification.desktop_notification:Sending desktop notification using 'notify2'
[0.507s] DEBUG:colcon.colcon_core.event_reactor:joined thread
[0.508s] INFO:colcon.colcon_core.shell:Creating prefix script '/home/sunildj/agv_ws/install/local_setup.ps1'
[0.509s] INFO:colcon.colcon_core.shell:Creating prefix util module '/home/sunildj/agv_ws/install/_local_setup_util_ps1.py'
[0.510s] INFO:colcon.colcon_core.shell:Creating prefix chain script '/home/sunildj/agv_ws/install/setup.ps1'
[0.512s] INFO:colcon.colcon_core.shell:Creating prefix script '/home/sunildj/agv_ws/install/local_setup.sh'
[0.512s] INFO:colcon.colcon_core.shell:Creating prefix util module '/home/sunildj/agv_ws/install/_local_setup_util_sh.py'
[0.512s] INFO:colcon.colcon_core.shell:Creating prefix chain script '/home/sunildj/agv_ws/install/setup.sh'
[0.513s] INFO:colcon.colcon_core.shell:Creating prefix script '/home/sunildj/agv_ws/install/local_setup.bash'
[0.514s] INFO:colcon.colcon_core.shell:Creating prefix chain script '/home/sunildj/agv_ws/install/setup.bash'
[0.515s] INFO:colcon.colcon_core.shell:Creating prefix script '/home/sunildj/agv_ws/install/local_setup.zsh'
[0.515s] INFO:colcon.colcon_core.shell:Creating prefix chain script '/home/sunildj/agv_ws/install/setup.zsh'
