[0.013s] Invoking command in '/home/sunildj/agv_ws/build/agv_bot': CMAKE_PREFIX_PATH=${CMAKE_PREFIX_PATH}:/opt/ros/humble /usr/bin/cmake --build /home/sunildj/agv_ws/build/agv_bot -- -j6 -l6
[0.039s] -- Found ament_cmake: 1.3.5 (/opt/ros/humble/share/ament_cmake/cmake)
[0.174s] -- Found ament_lint_auto: 0.12.7 (/opt/ros/humble/share/ament_lint_auto/cmake)
[0.240s] -- Added test 'flake8' to check Python code syntax and style conventions
[0.241s] -- Added test 'lint_cmake' to check CMake code style
[0.241s] -- Added test 'pep257' to check Python code against some of the docstring style conventions in PEP 257
[0.244s] -- Added test 'xmllint' to check XML markup files
[0.246s] -- Configuring done
[0.252s] -- Generating done
[0.253s] -- Build files have been written to: /home/sunildj/agv_ws/build/agv_bot
[0.270s] Invoked command in '/home/sunildj/agv_ws/build/agv_bot' returned '0': CMAKE_PREFIX_PATH=${CMAKE_PREFIX_PATH}:/opt/ros/humble /usr/bin/cmake --build /home/sunildj/agv_ws/build/agv_bot -- -j6 -l6
[0.291s] Invoking command in '/home/sunildj/agv_ws/build/agv_bot': CMAKE_PREFIX_PATH=${CMAKE_PREFIX_PATH}:/opt/ros/humble /usr/bin/cmake --install /home/sunildj/agv_ws/build/agv_bot
[0.297s] -- Install configuration: ""
[0.297s] -- Up-to-date: /home/sunildj/agv_ws/install/agv_bot/share/agv_bot/config
[0.297s] -- Up-to-date: /home/sunildj/agv_ws/install/agv_bot/share/agv_bot/config/ekf.yaml
[0.297s] -- Up-to-date: /home/sunildj/agv_ws/install/agv_bot/share/agv_bot/launch
[0.298s] -- Up-to-date: /home/sunildj/agv_ws/install/agv_bot/share/agv_bot/launch/agv_bot_v1.launch.py
[0.298s] -- Up-to-date: /home/sunildj/agv_ws/install/agv_bot/share/agv_bot/launch/agv_bot_v1.launch.py
[0.298s] -- Up-to-date: /home/sunildj/agv_ws/install/agv_bot/share/agv_bot/launch/agv_bot_sim.launch.py
[0.298s] -- Up-to-date: /home/sunildj/agv_ws/install/agv_bot/share/agv_bot/maps
[0.298s] -- Up-to-date: /home/sunildj/agv_ws/install/agv_bot/share/agv_bot/meshes
[0.298s] -- Up-to-date: /home/sunildj/agv_ws/install/agv_bot/share/agv_bot/meshes/wheel.stl
[0.298s] -- Up-to-date: /home/sunildj/agv_ws/install/agv_bot/share/agv_bot/meshes/elbow.stl
[0.298s] -- Up-to-date: /home/sunildj/agv_ws/install/agv_bot/share/agv_bot/meshes/wrist.stl
[0.298s] -- Up-to-date: /home/sunildj/agv_ws/install/agv_bot/share/agv_bot/meshes/arm_base.stl
[0.298s] -- Up-to-date: /home/sunildj/agv_ws/install/agv_bot/share/agv_bot/meshes/bicep.stl
[0.298s] -- Up-to-date: /home/sunildj/agv_ws/install/agv_bot/share/agv_bot/meshes/robot_base.stl
[0.298s] -- Up-to-date: /home/sunildj/agv_ws/install/agv_bot/share/agv_bot/models
[0.298s] -- Up-to-date: /home/sunildj/agv_ws/install/agv_bot/share/agv_bot/models/agv_bot_v1.urdf
[0.298s] -- Up-to-date: /home/sunildj/agv_ws/install/agv_bot/share/agv_bot/models/agv_bot_description
[0.298s] -- Up-to-date: /home/sunildj/agv_ws/install/agv_bot/share/agv_bot/models/agv_bot_description/meshes
[0.299s] -- Up-to-date: /home/sunildj/agv_ws/install/agv_bot/share/agv_bot/models/agv_bot_description/meshes/wheel.stl
[0.299s] -- Up-to-date: /home/sunildj/agv_ws/install/agv_bot/share/agv_bot/models/agv_bot_description/meshes/elbow.stl
[0.299s] -- Up-to-date: /home/sunildj/agv_ws/install/agv_bot/share/agv_bot/models/agv_bot_description/meshes/wrist.stl
[0.299s] -- Up-to-date: /home/sunildj/agv_ws/install/agv_bot/share/agv_bot/models/agv_bot_description/meshes/arm_base.stl
[0.299s] -- Up-to-date: /home/sunildj/agv_ws/install/agv_bot/share/agv_bot/models/agv_bot_description/meshes/bicep.stl
[0.299s] -- Up-to-date: /home/sunildj/agv_ws/install/agv_bot/share/agv_bot/models/agv_bot_description/meshes/robot_base.stl
[0.299s] -- Up-to-date: /home/sunildj/agv_ws/install/agv_bot/share/agv_bot/models/agv_bot_description/model.sdf
[0.299s] -- Up-to-date: /home/sunildj/agv_ws/install/agv_bot/share/agv_bot/models/agv_bot_description/model.config
[0.299s] -- Up-to-date: /home/sunildj/agv_ws/install/agv_bot/share/agv_bot/params
[0.299s] -- Up-to-date: /home/sunildj/agv_ws/install/agv_bot/share/agv_bot/rviz
[0.299s] -- Up-to-date: /home/sunildj/agv_ws/install/agv_bot/share/agv_bot/rviz/urdf_config.rviz
[0.299s] -- Up-to-date: /home/sunildj/agv_ws/install/agv_bot/share/agv_bot/src
[0.299s] -- Up-to-date: /home/sunildj/agv_ws/install/agv_bot/share/agv_bot/worlds
[0.299s] -- Up-to-date: /home/sunildj/agv_ws/install/agv_bot/share/agv_bot/worlds/agv_bot_world
[0.299s] -- Up-to-date: /home/sunildj/agv_ws/install/agv_bot/share/agv_bot/worlds/agv_bot_world/agv_town.world
[0.300s] -- Installing: /home/sunildj/agv_ws/install/agv_bot/share/ament_index/resource_index/package_run_dependencies/agv_bot
[0.300s] -- Up-to-date: /home/sunildj/agv_ws/install/agv_bot/share/ament_index/resource_index/parent_prefix_path/agv_bot
[0.300s] -- Up-to-date: /home/sunildj/agv_ws/install/agv_bot/share/agv_bot/environment/ament_prefix_path.sh
[0.301s] -- Installing: /home/sunildj/agv_ws/install/agv_bot/share/agv_bot/environment/ament_prefix_path.dsv
[0.301s] -- Up-to-date: /home/sunildj/agv_ws/install/agv_bot/share/agv_bot/environment/path.sh
[0.301s] -- Installing: /home/sunildj/agv_ws/install/agv_bot/share/agv_bot/environment/path.dsv
[0.301s] -- Up-to-date: /home/sunildj/agv_ws/install/agv_bot/share/agv_bot/local_setup.bash
[0.302s] -- Up-to-date: /home/sunildj/agv_ws/install/agv_bot/share/agv_bot/local_setup.sh
[0.302s] -- Up-to-date: /home/sunildj/agv_ws/install/agv_bot/share/agv_bot/local_setup.zsh
[0.302s] -- Installing: /home/sunildj/agv_ws/install/agv_bot/share/agv_bot/local_setup.dsv
[0.302s] -- Installing: /home/sunildj/agv_ws/install/agv_bot/share/agv_bot/package.dsv
[0.302s] -- Up-to-date: /home/sunildj/agv_ws/install/agv_bot/share/ament_index/resource_index/packages/agv_bot
[0.302s] -- Up-to-date: /home/sunildj/agv_ws/install/agv_bot/share/agv_bot/cmake/agv_botConfig.cmake
[0.303s] -- Up-to-date: /home/sunildj/agv_ws/install/agv_bot/share/agv_bot/cmake/agv_botConfig-version.cmake
[0.303s] -- Installing: /home/sunildj/agv_ws/install/agv_bot/share/agv_bot/package.xml
[0.303s] Invoked command in '/home/sunildj/agv_ws/build/agv_bot' returned '0': CMAKE_PREFIX_PATH=${CMAKE_PREFIX_PATH}:/opt/ros/humble /usr/bin/cmake --install /home/sunildj/agv_ws/build/agv_bot
