-- The C compiler identification is GNU 11.4.0
-- The CXX compiler identification is GNU 11.4.0
-- Detecting C compiler ABI info
-- Detecting C compiler ABI info - done
-- Check for working C compiler: /usr/bin/cc - skipped
-- Detecting C compile features
-- Detecting C compile features - done
-- Detecting CXX compiler ABI info
-- Detecting CXX compiler ABI info - done
-- Check for working CXX compiler: /usr/bin/c++ - skipped
-- Detecting CXX compile features
-- Detecting CXX compile features - done
-- Found ament_cmake: 1.3.5 (/opt/ros/humble/share/ament_cmake/cmake)
-- Found Python3: /usr/bin/python3.10 (found version "3.10.12") found components: Interpreter 
-- Found ament_lint_auto: 0.12.7 (/opt/ros/humble/share/ament_lint_auto/cmake)
-- Added test 'lint_cmake' to check CMake code style
-- Added test 'xmllint' to check XML markup files
-- Configuring done
-- Generating done
-- Build files have been written to: /home/sunildj/agv_ws/build/agv_bot
-- Install configuration: ""
-- Installing: /home/sunildj/agv_ws/install/agv_bot/share/ament_index/resource_index/package_run_dependencies/agv_bot
-- Installing: /home/sunildj/agv_ws/install/agv_bot/share/ament_index/resource_index/parent_prefix_path/agv_bot
-- Installing: /home/sunildj/agv_ws/install/agv_bot/share/agv_bot/environment/ament_prefix_path.sh
-- Installing: /home/sunildj/agv_ws/install/agv_bot/share/agv_bot/environment/ament_prefix_path.dsv
-- Installing: /home/sunildj/agv_ws/install/agv_bot/share/agv_bot/environment/path.sh
-- Installing: /home/sunildj/agv_ws/install/agv_bot/share/agv_bot/environment/path.dsv
-- Installing: /home/sunildj/agv_ws/install/agv_bot/share/agv_bot/local_setup.bash
-- Installing: /home/sunildj/agv_ws/install/agv_bot/share/agv_bot/local_setup.sh
-- Installing: /home/sunildj/agv_ws/install/agv_bot/share/agv_bot/local_setup.zsh
-- Installing: /home/sunildj/agv_ws/install/agv_bot/share/agv_bot/local_setup.dsv
-- Installing: /home/sunildj/agv_ws/install/agv_bot/share/agv_bot/package.dsv
-- Installing: /home/sunildj/agv_ws/install/agv_bot/share/ament_index/resource_index/packages/agv_bot
-- Installing: /home/sunildj/agv_ws/install/agv_bot/share/agv_bot/cmake/agv_botConfig.cmake
-- Installing: /home/sunildj/agv_ws/install/agv_bot/share/agv_bot/cmake/agv_botConfig-version.cmake
-- Installing: /home/sunildj/agv_ws/install/agv_bot/share/agv_bot/package.xml
